Determining if the pthread_create exist failed with the following output:
Change Dir: /home/ai05/ros_ws/build/CMakeFiles/CMakeTmp

Run Build Command:/usr/bin/make "cmTryCompileExec888268315/fast"
/usr/bin/make -f CMakeFiles/cmTryCompileExec888268315.dir/build.make CMakeFiles/cmTryCompileExec888268315.dir/build
make[1]: Entering directory `/home/ai05/ros_ws/build/CMakeFiles/CMakeTmp'
/usr/bin/cmake -E cmake_progress_report /home/ai05/ros_ws/build/CMakeFiles/CMakeTmp/CMakeFiles 1
Building C object CMakeFiles/cmTryCompileExec888268315.dir/CheckSymbolExists.c.o
/usr/bin/cc    -o CMakeFiles/cmTryCompileExec888268315.dir/CheckSymbolExists.c.o   -c /home/ai05/ros_ws/build/CMakeFiles/CMakeTmp/CheckSymbolExists.c
Linking C executable cmTryCompileExec888268315
/usr/bin/cmake -E cmake_link_script CMakeFiles/cmTryCompileExec888268315.dir/link.txt --verbose=1
/usr/bin/cc       CMakeFiles/cmTryCompileExec888268315.dir/CheckSymbolExists.c.o  -o cmTryCompileExec888268315 -rdynamic 
CMakeFiles/cmTryCompileExec888268315.dir/CheckSymbolExists.c.o: In function `main':
CheckSymbolExists.c:(.text+0x16): undefined reference to `pthread_create'
collect2: error: ld returned 1 exit status
make[1]: *** [cmTryCompileExec888268315] Error 1
make[1]: Leaving directory `/home/ai05/ros_ws/build/CMakeFiles/CMakeTmp'
make: *** [cmTryCompileExec888268315/fast] Error 2

File /home/ai05/ros_ws/build/CMakeFiles/CMakeTmp/CheckSymbolExists.c:
/* */
#include <pthread.h>

int main(int argc, char** argv)
{
  (void)argv;
#ifndef pthread_create
  return ((int*)(&pthread_create))[argc];
#else
  (void)argc;
  return 0;
#endif
}

Determining if the function pthread_create exists in the pthreads failed with the following output:
Change Dir: /home/ai05/ros_ws/build/CMakeFiles/CMakeTmp

Run Build Command:/usr/bin/make "cmTryCompileExec3313245739/fast"
/usr/bin/make -f CMakeFiles/cmTryCompileExec3313245739.dir/build.make CMakeFiles/cmTryCompileExec3313245739.dir/build
make[1]: Entering directory `/home/ai05/ros_ws/build/CMakeFiles/CMakeTmp'
/usr/bin/cmake -E cmake_progress_report /home/ai05/ros_ws/build/CMakeFiles/CMakeTmp/CMakeFiles 1
Building C object CMakeFiles/cmTryCompileExec3313245739.dir/CheckFunctionExists.c.o
/usr/bin/cc   -DCHECK_FUNCTION_EXISTS=pthread_create   -o CMakeFiles/cmTryCompileExec3313245739.dir/CheckFunctionExists.c.o   -c /usr/share/cmake-2.8/Modules/CheckFunctionExists.c
Linking C executable cmTryCompileExec3313245739
/usr/bin/cmake -E cmake_link_script CMakeFiles/cmTryCompileExec3313245739.dir/link.txt --verbose=1
/usr/bin/cc   -DCHECK_FUNCTION_EXISTS=pthread_create    CMakeFiles/cmTryCompileExec3313245739.dir/CheckFunctionExists.c.o  -o cmTryCompileExec3313245739 -rdynamic -lpthreads 
/usr/bin/ld: cannot find -lpthreads
collect2: error: ld returned 1 exit status
make[1]: *** [cmTryCompileExec3313245739] Error 1
make[1]: Leaving directory `/home/ai05/ros_ws/build/CMakeFiles/CMakeTmp'
make: *** [cmTryCompileExec3313245739/fast] Error 2


Determining if the Q_WS_WIN exist failed with the following output:
Change Dir: /home/ai05/ros_ws/build/CMakeFiles/CMakeTmp

Run Build Command:/usr/bin/make "cmTryCompileExec322960545/fast"
/usr/bin/make -f CMakeFiles/cmTryCompileExec322960545.dir/build.make CMakeFiles/cmTryCompileExec322960545.dir/build
make[1]: Entering directory `/home/ai05/ros_ws/build/CMakeFiles/CMakeTmp'
/usr/bin/cmake -E cmake_progress_report /home/ai05/ros_ws/build/CMakeFiles/CMakeTmp/CMakeFiles 1
Building CXX object CMakeFiles/cmTryCompileExec322960545.dir/CheckSymbolExists.cxx.o
/usr/bin/c++    -I/usr/include/qt4    -o CMakeFiles/cmTryCompileExec322960545.dir/CheckSymbolExists.cxx.o -c /home/ai05/ros_ws/build/CMakeFiles/CMakeTmp/CheckSymbolExists.cxx
/home/ai05/ros_ws/build/CMakeFiles/CMakeTmp/CheckSymbolExists.cxx: In function ‘int main(int, char**)’:
/home/ai05/ros_ws/build/CMakeFiles/CMakeTmp/CheckSymbolExists.cxx:8:19: error: ‘Q_WS_WIN’ was not declared in this scope
   return ((int*)(&Q_WS_WIN))[argc];
                   ^
make[1]: Leaving directory `/home/ai05/ros_ws/build/CMakeFiles/CMakeTmp'
make[1]: *** [CMakeFiles/cmTryCompileExec322960545.dir/CheckSymbolExists.cxx.o] Error 1
make: *** [cmTryCompileExec322960545/fast] Error 2

File /home/ai05/ros_ws/build/CMakeFiles/CMakeTmp/CheckSymbolExists.cxx:
/* */
#include <QtCore/qglobal.h>

int main(int argc, char** argv)
{
  (void)argv;
#ifndef Q_WS_WIN
  return ((int*)(&Q_WS_WIN))[argc];
#else
  (void)argc;
  return 0;
#endif
}

Determining if the Q_WS_QWS exist failed with the following output:
Change Dir: /home/ai05/ros_ws/build/CMakeFiles/CMakeTmp

Run Build Command:/usr/bin/make "cmTryCompileExec3258530710/fast"
/usr/bin/make -f CMakeFiles/cmTryCompileExec3258530710.dir/build.make CMakeFiles/cmTryCompileExec3258530710.dir/build
make[1]: Entering directory `/home/ai05/ros_ws/build/CMakeFiles/CMakeTmp'
/usr/bin/cmake -E cmake_progress_report /home/ai05/ros_ws/build/CMakeFiles/CMakeTmp/CMakeFiles 1
Building CXX object CMakeFiles/cmTryCompileExec3258530710.dir/CheckSymbolExists.cxx.o
/usr/bin/c++    -I/usr/include/qt4    -o CMakeFiles/cmTryCompileExec3258530710.dir/CheckSymbolExists.cxx.o -c /home/ai05/ros_ws/build/CMakeFiles/CMakeTmp/CheckSymbolExists.cxx
/home/ai05/ros_ws/build/CMakeFiles/CMakeTmp/CheckSymbolExists.cxx: In function ‘int main(int, char**)’:
/home/ai05/ros_ws/build/CMakeFiles/CMakeTmp/CheckSymbolExists.cxx:8:19: error: ‘Q_WS_QWS’ was not declared in this scope
   return ((int*)(&Q_WS_QWS))[argc];
                   ^
make[1]: Leaving directory `/home/ai05/ros_ws/build/CMakeFiles/CMakeTmp'
make[1]: *** [CMakeFiles/cmTryCompileExec3258530710.dir/CheckSymbolExists.cxx.o] Error 1
make: *** [cmTryCompileExec3258530710/fast] Error 2

File /home/ai05/ros_ws/build/CMakeFiles/CMakeTmp/CheckSymbolExists.cxx:
/* */
#include <QtCore/qglobal.h>

int main(int argc, char** argv)
{
  (void)argv;
#ifndef Q_WS_QWS
  return ((int*)(&Q_WS_QWS))[argc];
#else
  (void)argc;
  return 0;
#endif
}

Determining if the Q_WS_MAC exist failed with the following output:
Change Dir: /home/ai05/ros_ws/build/CMakeFiles/CMakeTmp

Run Build Command:/usr/bin/make "cmTryCompileExec2987889025/fast"
/usr/bin/make -f CMakeFiles/cmTryCompileExec2987889025.dir/build.make CMakeFiles/cmTryCompileExec2987889025.dir/build
make[1]: Entering directory `/home/ai05/ros_ws/build/CMakeFiles/CMakeTmp'
/usr/bin/cmake -E cmake_progress_report /home/ai05/ros_ws/build/CMakeFiles/CMakeTmp/CMakeFiles 1
Building CXX object CMakeFiles/cmTryCompileExec2987889025.dir/CheckSymbolExists.cxx.o
/usr/bin/c++    -I/usr/include/qt4    -o CMakeFiles/cmTryCompileExec2987889025.dir/CheckSymbolExists.cxx.o -c /home/ai05/ros_ws/build/CMakeFiles/CMakeTmp/CheckSymbolExists.cxx
/home/ai05/ros_ws/build/CMakeFiles/CMakeTmp/CheckSymbolExists.cxx: In function ‘int main(int, char**)’:
/home/ai05/ros_ws/build/CMakeFiles/CMakeTmp/CheckSymbolExists.cxx:8:19: error: ‘Q_WS_MAC’ was not declared in this scope
   return ((int*)(&Q_WS_MAC))[argc];
                   ^
make[1]: Leaving directory `/home/ai05/ros_ws/build/CMakeFiles/CMakeTmp'
make[1]: *** [CMakeFiles/cmTryCompileExec2987889025.dir/CheckSymbolExists.cxx.o] Error 1
make: *** [cmTryCompileExec2987889025/fast] Error 2

File /home/ai05/ros_ws/build/CMakeFiles/CMakeTmp/CheckSymbolExists.cxx:
/* */
#include <QtCore/qglobal.h>

int main(int argc, char** argv)
{
  (void)argv;
#ifndef Q_WS_MAC
  return ((int*)(&Q_WS_MAC))[argc];
#else
  (void)argc;
  return 0;
#endif
}

Determining if the CL_VERSION_2_0 exist failed with the following output:
Change Dir: /home/ai05/ros_ws/build/CMakeFiles/CMakeTmp

Run Build Command:/usr/bin/make "cmTryCompileExec53285664/fast"
/usr/bin/make -f CMakeFiles/cmTryCompileExec53285664.dir/build.make CMakeFiles/cmTryCompileExec53285664.dir/build
make[1]: Entering directory `/home/ai05/ros_ws/build/CMakeFiles/CMakeTmp'
/usr/bin/cmake -E cmake_progress_report /home/ai05/ros_ws/build/CMakeFiles/CMakeTmp/CMakeFiles 1
Building C object CMakeFiles/cmTryCompileExec53285664.dir/CheckSymbolExists.c.o
/usr/bin/cc    -o CMakeFiles/cmTryCompileExec53285664.dir/CheckSymbolExists.c.o   -c /home/ai05/ros_ws/build/CMakeFiles/CMakeTmp/CheckSymbolExists.c
/home/ai05/ros_ws/build/CMakeFiles/CMakeTmp/CheckSymbolExists.c:2:47: fatal error: OpenCL_INCLUDE_DIR-NOTFOUND/CL/cl.h: No such file or directory
 #include <OpenCL_INCLUDE_DIR-NOTFOUND/CL/cl.h>
                                               ^
compilation terminated.
make[1]: *** [CMakeFiles/cmTryCompileExec53285664.dir/CheckSymbolExists.c.o] Error 1
make[1]: Leaving directory `/home/ai05/ros_ws/build/CMakeFiles/CMakeTmp'
make: *** [cmTryCompileExec53285664/fast] Error 2

File /home/ai05/ros_ws/build/CMakeFiles/CMakeTmp/CheckSymbolExists.c:
/* */
#include <OpenCL_INCLUDE_DIR-NOTFOUND/CL/cl.h>

int main(int argc, char** argv)
{
  (void)argv;
#ifndef CL_VERSION_2_0
  return ((int*)(&CL_VERSION_2_0))[argc];
#else
  (void)argc;
  return 0;
#endif
}

Determining if the CL_VERSION_1_2 exist failed with the following output:
Change Dir: /home/ai05/ros_ws/build/CMakeFiles/CMakeTmp

Run Build Command:/usr/bin/make "cmTryCompileExec1184408748/fast"
/usr/bin/make -f CMakeFiles/cmTryCompileExec1184408748.dir/build.make CMakeFiles/cmTryCompileExec1184408748.dir/build
make[1]: Entering directory `/home/ai05/ros_ws/build/CMakeFiles/CMakeTmp'
/usr/bin/cmake -E cmake_progress_report /home/ai05/ros_ws/build/CMakeFiles/CMakeTmp/CMakeFiles 1
Building C object CMakeFiles/cmTryCompileExec1184408748.dir/CheckSymbolExists.c.o
/usr/bin/cc    -o CMakeFiles/cmTryCompileExec1184408748.dir/CheckSymbolExists.c.o   -c /home/ai05/ros_ws/build/CMakeFiles/CMakeTmp/CheckSymbolExists.c
/home/ai05/ros_ws/build/CMakeFiles/CMakeTmp/CheckSymbolExists.c:2:47: fatal error: OpenCL_INCLUDE_DIR-NOTFOUND/CL/cl.h: No such file or directory
 #include <OpenCL_INCLUDE_DIR-NOTFOUND/CL/cl.h>
                                               ^
compilation terminated.
make[1]: Leaving directory `/home/ai05/ros_ws/build/CMakeFiles/CMakeTmp'
make[1]: *** [CMakeFiles/cmTryCompileExec1184408748.dir/CheckSymbolExists.c.o] Error 1
make: *** [cmTryCompileExec1184408748/fast] Error 2

File /home/ai05/ros_ws/build/CMakeFiles/CMakeTmp/CheckSymbolExists.c:
/* */
#include <OpenCL_INCLUDE_DIR-NOTFOUND/CL/cl.h>

int main(int argc, char** argv)
{
  (void)argv;
#ifndef CL_VERSION_1_2
  return ((int*)(&CL_VERSION_1_2))[argc];
#else
  (void)argc;
  return 0;
#endif
}

Determining if the CL_VERSION_1_1 exist failed with the following output:
Change Dir: /home/ai05/ros_ws/build/CMakeFiles/CMakeTmp

Run Build Command:/usr/bin/make "cmTryCompileExec825842588/fast"
/usr/bin/make -f CMakeFiles/cmTryCompileExec825842588.dir/build.make CMakeFiles/cmTryCompileExec825842588.dir/build
make[1]: Entering directory `/home/ai05/ros_ws/build/CMakeFiles/CMakeTmp'
/usr/bin/cmake -E cmake_progress_report /home/ai05/ros_ws/build/CMakeFiles/CMakeTmp/CMakeFiles 1
Building C object CMakeFiles/cmTryCompileExec825842588.dir/CheckSymbolExists.c.o
/usr/bin/cc    -o CMakeFiles/cmTryCompileExec825842588.dir/CheckSymbolExists.c.o   -c /home/ai05/ros_ws/build/CMakeFiles/CMakeTmp/CheckSymbolExists.c
/home/ai05/ros_ws/build/CMakeFiles/CMakeTmp/CheckSymbolExists.c:2:47: fatal error: OpenCL_INCLUDE_DIR-NOTFOUND/CL/cl.h: No such file or directory
 #include <OpenCL_INCLUDE_DIR-NOTFOUND/CL/cl.h>
                                               ^
compilation terminated.
make[1]: Leaving directory `/home/ai05/ros_ws/build/CMakeFiles/CMakeTmp'
make[1]: *** [CMakeFiles/cmTryCompileExec825842588.dir/CheckSymbolExists.c.o] Error 1
make: *** [cmTryCompileExec825842588/fast] Error 2

File /home/ai05/ros_ws/build/CMakeFiles/CMakeTmp/CheckSymbolExists.c:
/* */
#include <OpenCL_INCLUDE_DIR-NOTFOUND/CL/cl.h>

int main(int argc, char** argv)
{
  (void)argv;
#ifndef CL_VERSION_1_1
  return ((int*)(&CL_VERSION_1_1))[argc];
#else
  (void)argc;
  return 0;
#endif
}

Determining if the CL_VERSION_1_0 exist failed with the following output:
Change Dir: /home/ai05/ros_ws/build/CMakeFiles/CMakeTmp

Run Build Command:/usr/bin/make "cmTryCompileExec2455872626/fast"
/usr/bin/make -f CMakeFiles/cmTryCompileExec2455872626.dir/build.make CMakeFiles/cmTryCompileExec2455872626.dir/build
make[1]: Entering directory `/home/ai05/ros_ws/build/CMakeFiles/CMakeTmp'
/usr/bin/cmake -E cmake_progress_report /home/ai05/ros_ws/build/CMakeFiles/CMakeTmp/CMakeFiles 1
Building C object CMakeFiles/cmTryCompileExec2455872626.dir/CheckSymbolExists.c.o
/usr/bin/cc    -o CMakeFiles/cmTryCompileExec2455872626.dir/CheckSymbolExists.c.o   -c /home/ai05/ros_ws/build/CMakeFiles/CMakeTmp/CheckSymbolExists.c
/home/ai05/ros_ws/build/CMakeFiles/CMakeTmp/CheckSymbolExists.c:2:47: fatal error: OpenCL_INCLUDE_DIR-NOTFOUND/CL/cl.h: No such file or directory
 #include <OpenCL_INCLUDE_DIR-NOTFOUND/CL/cl.h>
                                               ^
compilation terminated.
make[1]: *** [CMakeFiles/cmTryCompileExec2455872626.dir/CheckSymbolExists.c.o] Error 1
make[1]: Leaving directory `/home/ai05/ros_ws/build/CMakeFiles/CMakeTmp'
make: *** [cmTryCompileExec2455872626/fast] Error 2

File /home/ai05/ros_ws/build/CMakeFiles/CMakeTmp/CheckSymbolExists.c:
/* */
#include <OpenCL_INCLUDE_DIR-NOTFOUND/CL/cl.h>

int main(int argc, char** argv)
{
  (void)argv;
#ifndef CL_VERSION_1_0
  return ((int*)(&CL_VERSION_1_0))[argc];
#else
  (void)argc;
  return 0;
#endif
}

Determining if the function trunc exists failed with the following output:
Change Dir: /home/ai05/ros_ws/build/CMakeFiles/CMakeTmp

Run Build Command:/usr/bin/make "cmTryCompileExec715655118/fast"
/usr/bin/make -f CMakeFiles/cmTryCompileExec715655118.dir/build.make CMakeFiles/cmTryCompileExec715655118.dir/build
make[1]: Entering directory `/home/ai05/ros_ws/build/CMakeFiles/CMakeTmp'
/usr/bin/cmake -E cmake_progress_report /home/ai05/ros_ws/build/CMakeFiles/CMakeTmp/CMakeFiles 1
Building C object CMakeFiles/cmTryCompileExec715655118.dir/CheckFunctionExists.c.o
/usr/bin/cc   -DCHECK_FUNCTION_EXISTS=trunc   -o CMakeFiles/cmTryCompileExec715655118.dir/CheckFunctionExists.c.o   -c /usr/share/cmake-2.8/Modules/CheckFunctionExists.c
<command-line>:0:23: warning: conflicting types for built-in function ‘trunc’ [enabled by default]
/usr/share/cmake-2.8/Modules/CheckFunctionExists.c:3:6: note: in expansion of macro ‘CHECK_FUNCTION_EXISTS’
 char CHECK_FUNCTION_EXISTS();
      ^
Linking C executable cmTryCompileExec715655118
/usr/bin/cmake -E cmake_link_script CMakeFiles/cmTryCompileExec715655118.dir/link.txt --verbose=1
/usr/bin/cc   -DCHECK_FUNCTION_EXISTS=trunc    CMakeFiles/cmTryCompileExec715655118.dir/CheckFunctionExists.c.o  -o cmTryCompileExec715655118 -rdynamic 
CMakeFiles/cmTryCompileExec715655118.dir/CheckFunctionExists.c.o: In function `main':
CheckFunctionExists.c:(.text+0x15): undefined reference to `trunc'
collect2: error: ld returned 1 exit status
make[1]: *** [cmTryCompileExec715655118] Error 1
make[1]: Leaving directory `/home/ai05/ros_ws/build/CMakeFiles/CMakeTmp'
make: *** [cmTryCompileExec715655118/fast] Error 2


